0 info it worked if it ends with ok
1 verbose cli [ 'node', '/usr/local/bin/npm', 'update', '-g', 'yo' ]
2 info using npm@1.4.16
3 info using node@v0.10.29
4 verbose node symlink /usr/local/bin/node
5 verbose request where is /yo
6 verbose request registry https://registry.npmjs.org/
7 verbose request id a8288e87d209e05d
8 verbose url raw /yo
9 verbose url resolving [ 'https://registry.npmjs.org/', './yo' ]
10 verbose url resolved https://registry.npmjs.org/yo
11 verbose request where is https://registry.npmjs.org/yo
12 info trying registry request attempt 1 at 10:38:27
13 verbose etag "36QE0J5Q0N2F5K44ZQ1H2AA5C"
14 http GET https://registry.npmjs.org/yo
15 http 200 https://registry.npmjs.org/yo
16 silly registry.get cb [ 200,
16 silly registry.get   { date: 'Tue, 10 Feb 2015 13:38:28 GMT',
16 silly registry.get     server: 'CouchDB/1.5.0 (Erlang OTP/R16B03)',
16 silly registry.get     etag: '"ESJGITSZL1VWQA3ZMAG5XZ1RD"',
16 silly registry.get     'content-type': 'application/json',
16 silly registry.get     'cache-control': 'max-age=60',
16 silly registry.get     'content-length': '28370',
16 silly registry.get     'accept-ranges': 'bytes',
16 silly registry.get     via: '1.1 varnish',
16 silly registry.get     age: '0',
16 silly registry.get     'x-served-by': 'cache-atl6225-ATL',
16 silly registry.get     'x-cache': 'HIT',
16 silly registry.get     'x-cache-hits': '1',
16 silly registry.get     'x-timer': 'S1423575508.212010,VS0,VE30',
16 silly registry.get     vary: 'Accept',
16 silly registry.get     'keep-alive': 'timeout=10, max=50',
16 silly registry.get     connection: 'Keep-Alive' } ]
17 info outdated updating [ [ '/usr/local/lib', 'yo', '1.2.1', '1.4.5', '1.4.5', '*' ] ]
18 verbose install where,what [ '/usr/local/lib', [ 'yo@1.4.5' ] ]
19 verbose cache add [ 'yo@1.4.5', null ]
20 verbose cache add name=undefined spec="yo@1.4.5" args=["yo@1.4.5",null]
21 verbose parsed url { protocol: null,
21 verbose parsed url   slashes: null,
21 verbose parsed url   auth: null,
21 verbose parsed url   host: null,
21 verbose parsed url   port: null,
21 verbose parsed url   hostname: null,
21 verbose parsed url   hash: null,
21 verbose parsed url   search: null,
21 verbose parsed url   query: null,
21 verbose parsed url   pathname: 'yo@1.4.5',
21 verbose parsed url   path: 'yo@1.4.5',
21 verbose parsed url   href: 'yo@1.4.5' }
22 verbose cache add name="yo" spec="1.4.5" args=["yo","1.4.5"]
23 verbose parsed url { protocol: null,
23 verbose parsed url   slashes: null,
23 verbose parsed url   auth: null,
23 verbose parsed url   host: null,
23 verbose parsed url   port: null,
23 verbose parsed url   hostname: null,
23 verbose parsed url   hash: null,
23 verbose parsed url   search: null,
23 verbose parsed url   query: null,
23 verbose parsed url   pathname: '1.4.5',
23 verbose parsed url   path: '1.4.5',
23 verbose parsed url   href: '1.4.5' }
24 verbose addNamed [ 'yo', '1.4.5' ]
25 verbose addNamed [ '1.4.5', '1.4.5' ]
26 silly lockFile cf639607-yo-1-4-5 yo@1.4.5
27 verbose lock yo@1.4.5 /Users/marinacardone/.npm/cf639607-yo-1-4-5.lock
28 verbose request where is /yo
29 verbose request registry https://registry.npmjs.org/
30 verbose url raw /yo
31 verbose url resolving [ 'https://registry.npmjs.org/', './yo' ]
32 verbose url resolved https://registry.npmjs.org/yo
33 verbose request where is https://registry.npmjs.org/yo
34 info trying registry request attempt 1 at 10:38:49
35 verbose etag "ESJGITSZL1VWQA3ZMAG5XZ1RD"
36 http GET https://registry.npmjs.org/yo
37 http 304 https://registry.npmjs.org/yo
38 silly registry.get cb [ 304,
38 silly registry.get   { date: 'Tue, 10 Feb 2015 13:38:50 GMT',
38 silly registry.get     server: 'Apache',
38 silly registry.get     via: '1.1 varnish',
38 silly registry.get     'last-modified': 'Tue, 10 Feb 2015 13:38:50 GMT',
38 silly registry.get     'cache-control': 'max-age=60',
38 silly registry.get     etag: '"ESJGITSZL1VWQA3ZMAG5XZ1RD"',
38 silly registry.get     age: '12',
38 silly registry.get     'x-served-by': 'cache-iad2127-IAD',
38 silly registry.get     'x-cache': 'HIT',
38 silly registry.get     'x-cache-hits': '1',
38 silly registry.get     'x-timer': 'S1423575530.258038,VS0,VE0',
38 silly registry.get     vary: 'Accept',
38 silly registry.get     'content-length': '0',
38 silly registry.get     'keep-alive': 'timeout=10, max=50',
38 silly registry.get     connection: 'Keep-Alive' } ]
39 verbose etag https://registry.npmjs.org/yo from cache
40 silly lockFile f86ea50a-gistry-npmjs-org-yo-yo-1-4-5-tgz https://registry.npmjs.org/yo/-/yo-1.4.5.tgz
41 verbose lock https://registry.npmjs.org/yo/-/yo-1.4.5.tgz /Users/marinacardone/.npm/f86ea50a-gistry-npmjs-org-yo-yo-1-4-5-tgz.lock
42 verbose addRemoteTarball [ 'https://registry.npmjs.org/yo/-/yo-1.4.5.tgz',
42 verbose addRemoteTarball   'd7b66bb9079db2412178409c9709be687435cc02' ]
43 info retry fetch attempt 1 at 10:38:50
44 verbose fetch to= /var/folders/1f/sy17mgmn1vz6cz0b24dbz9g00000gp/T/npm-2515-nBwhlmWr/registry.npmjs.org/yo/-/yo-1.4.5.tgz
45 http GET https://registry.npmjs.org/yo/-/yo-1.4.5.tgz
46 http 200 https://registry.npmjs.org/yo/-/yo-1.4.5.tgz
47 silly lockFile f86ea50a-gistry-npmjs-org-yo-yo-1-4-5-tgz https://registry.npmjs.org/yo/-/yo-1.4.5.tgz
48 silly lockFile f86ea50a-gistry-npmjs-org-yo-yo-1-4-5-tgz https://registry.npmjs.org/yo/-/yo-1.4.5.tgz
49 silly lockFile cf639607-yo-1-4-5 yo@1.4.5
50 silly lockFile cf639607-yo-1-4-5 yo@1.4.5
51 silly resolved [ { name: 'yo',
51 silly resolved     version: '1.4.5',
51 silly resolved     description: 'CLI tool for running Yeoman generators',
51 silly resolved     license: 'BSD',
51 silly resolved     bin: { yo: 'lib/cli.js' },
51 silly resolved     author: { name: 'Yeoman team' },
51 silly resolved     repository: { type: 'git', url: 'https://github.com/yeoman/yo' },
51 silly resolved     engines: { node: '>=0.10.0', npm: '>=2.1.0' },
51 silly resolved     scripts:
51 silly resolved      { test: 'jshint . && mocha test/**/*.js',
51 silly resolved        postinstall: 'yodoctor',
51 silly resolved        postupdate: 'yodoctor',
51 silly resolved        prepublish: 'nsp audit-package' },
51 silly resolved     files: [ 'lib' ],
51 silly resolved     keywords:
51 silly resolved      [ 'cli-app',
51 silly resolved        'cli',
51 silly resolved        'bin',
51 silly resolved        'front-end',
51 silly resolved        'development',
51 silly resolved        'dev',
51 silly resolved        'build',
51 silly resolved        'web',
51 silly resolved        'tool',
51 silly resolved        'scaffold',
51 silly resolved        'stack',
51 silly resolved        'yeoman',
51 silly resolved        'generator',
51 silly resolved        'generate',
51 silly resolved        'app',
51 silly resolved        'boilerplate' ],
51 silly resolved     dependencies:
51 silly resolved      { 'array-uniq': '^1.0.2',
51 silly resolved        async: '^0.9.0',
51 silly resolved        chalk: '^0.5.1',
51 silly resolved        configstore: '^0.3.1',
51 silly resolved        'cross-spawn': '^0.2.3',
51 silly resolved        figures: '^1.3.5',
51 silly resolved        findup: '^0.1.5',
51 silly resolved        fullname: '^1.0.0',
51 silly resolved        'humanize-string': '^1.0.0',
51 silly resolved        inquirer: '^0.8.0',
51 silly resolved        insight: '^0.5.0',
51 silly resolved        lodash: '^2.4.1',
51 silly resolved        meow: '^3.0.0',
51 silly resolved        'npm-keyword': '^1.0.1',
51 silly resolved        opn: '^1.0.0',
51 silly resolved        'package-json': '^1.0.1',
51 silly resolved        'root-check': '^1.0.0',
51 silly resolved        'sort-on': '^1.0.0',
51 silly resolved        'string-length': '^1.0.0',
51 silly resolved        titleize: '^1.0.0',
51 silly resolved        'update-notifier': '^0.3.0',
51 silly resolved        'user-home': '^1.1.0',
51 silly resolved        'yeoman-character': '^1.0.0',
51 silly resolved        'yeoman-doctor': '^1.0.0',
51 silly resolved        'yeoman-environment': '^1.0.1',
51 silly resolved        yosay: '^1.0.0' },
51 silly resolved     devDependencies:
51 silly resolved      { jshint: '^2.5.11',
51 silly resolved        mocha: '^2.1.0',
51 silly resolved        mockery: '^1.4.0',
51 silly resolved        nock: '^0.57.0',
51 silly resolved        nsp: '*',
51 silly resolved        proxyquire: '^1.0.1',
51 silly resolved        'registry-url': '^2.1.0',
51 silly resolved        sinon: '^1.12.1' },
51 silly resolved     engineStrict: true,
51 silly resolved     preferGlobal: true,
51 silly resolved     gitHead: 'c9194535c38b1a684b20a4a642190b9c293b01c1',
51 silly resolved     bugs: { url: 'https://github.com/yeoman/yo/issues' },
51 silly resolved     homepage: 'https://github.com/yeoman/yo',
51 silly resolved     _id: 'yo@1.4.5',
51 silly resolved     _shasum: 'd7b66bb9079db2412178409c9709be687435cc02',
51 silly resolved     _from: 'yo@1.4.5',
51 silly resolved     _npmVersion: '1.4.28',
51 silly resolved     _npmUser: { name: 'sindresorhus', email: 'sindresorhus@gmail.com' },
51 silly resolved     maintainers: [ [Object], [Object], [Object], [Object], [Object], [Object] ],
51 silly resolved     dist:
51 silly resolved      { shasum: 'd7b66bb9079db2412178409c9709be687435cc02',
51 silly resolved        tarball: 'http://registry.npmjs.org/yo/-/yo-1.4.5.tgz' },
51 silly resolved     directories: {},
51 silly resolved     _resolved: 'https://registry.npmjs.org/yo/-/yo-1.4.5.tgz' } ]
52 info install yo@1.4.5 into /usr/local/lib
53 info installOne yo@1.4.5
54 error notsup Unsupported
54 error notsup Not compatible with your version of node/npm: yo@1.4.5
54 error notsup Required: {"node":">=0.10.0","npm":">=2.1.0"}
54 error notsup Actual:   {"npm":"1.4.16","node":"v0.10.29"}
55 error System Darwin 14.0.0
56 error command "node" "/usr/local/bin/npm" "update" "-g" "yo"
57 error cwd /Volumes/MarinaMac/BackUp/Sites/wisable
58 error node -v v0.10.29
59 error npm -v 1.4.16
60 error code ENOTSUP
61 verbose exit [ 1, true ]
